{"cost_time":"2ms","request_data":{"name":"listen"},"request_method":"/listen.Listen/ListenData","request_time":1635944944051,"response_data":{"message":"[listen]"},"response_error":null}
{"cost_time":"9ms","request_data":{"name":"speak"},"request_method":"/speak.Speak/SpeakData","request_time":1635944944054,"response_data":{"message":"[speak-[listen]-[HttpGetOk]]"},"response_error":null}
{"cost_time":"8ms","request_data":{"name":"read"},"request_method":"/read.Read/ReadData","request_time":1635944944064,"response_data":{"message":"[read-[listen]-[HttpGetOk]]"},"response_error":null}
{"cost_time":"9ms","request_data":{"name":"write"},"request_method":"/write.Write/WriteData","request_time":1635944944073,"response_data":{"message":"[write-[listen]-[HttpGetOk]]"},"response_error":null}
{"cost_time":"1ms","request_data":{"name":"listen"},"request_method":"/listen.Listen/ListenData","request_time":1635945217351,"response_data":{"message":"[listen]"},"response_error":null}
{"cost_time":"9ms","request_data":{"name":"speak"},"request_method":"/speak.Speak/SpeakData","request_time":1635945217353,"response_data":{"message":"[speak-[listen]-[HttpGetOk]]"},"response_error":null}
{"cost_time":"4ms","request_data":{"name":"read"},"request_method":"/read.Read/ReadData","request_time":1635945217363,"response_data":{"message":"[read-[listen]-[HttpGetOk]]"},"response_error":null}
{"cost_time":"8ms","request_data":{"name":"write"},"request_method":"/write.Write/WriteData","request_time":1635945217368,"response_data":{"message":"[write-[listen]-[HttpGetOk]]"},"response_error":null}
{"cost_time":"0ms","request_data":{"name":"listen"},"request_method":"/listen.Listen/ListenData","request_time":1635946016995,"response_data":{"message":"[listen]"},"response_error":null}
{"cost_time":"4ms","request_data":{"name":"speak"},"request_method":"/speak.Speak/SpeakData","request_time":1635946016996,"response_data":{"message":"[speak-[listen]-[HttpGetOk]]"},"response_error":null}
{"cost_time":"2ms","request_data":{"name":"read"},"request_method":"/read.Read/ReadData","request_time":1635946017001,"response_data":{"message":"[read-[listen]-[HttpGetOk]]"},"response_error":null}
{"cost_time":"3ms","request_data":{"name":"write"},"request_method":"/write.Write/WriteData","request_time":1635946017004,"response_data":{"message":"[write-[listen]-[HttpGetOk]]"},"response_error":null}
{"cost_time":"1ms","request_data":{"name":"listen"},"request_method":"/listen.Listen/ListenData","request_time":1635946043082,"response_data":{"message":"[listen]"},"response_error":null}
{"cost_time":"5007ms","request_data":{"name":"speak"},"request_method":"/speak.Speak/SpeakData","request_time":1635946043083,"response_data":{"message":"[speak-[listen]-]"},"response_error":null}
{"cost_time":"5004ms","request_data":{"name":"read"},"request_method":"/read.Read/ReadData","request_time":1635946048091,"response_data":{"message":"[read-[listen]-]"},"response_error":null}
{"cost_time":"5002ms","request_data":{"name":"write"},"request_method":"/write.Write/WriteData","request_time":1635946053096,"response_data":{"message":"[write-[listen]-]"},"response_error":null}
{"cost_time":"0ms","request_data":{"name":"listen"},"request_method":"/listen.Listen/ListenData","request_time":1635947436978,"response_data":{"message":"[listen]"},"response_error":null}
{"cost_time":"3542ms","request_data":{"name":"speak"},"request_method":"/speak.Speak/SpeakData","request_time":1635947436979,"response_data":{"message":"[speak-[listen]-]"},"response_error":null}
{"cost_time":"5ms","request_data":{"name":"read"},"request_method":"/read.Read/ReadData","request_time":1635947440522,"response_data":{"message":"[read-[listen]-]"},"response_error":null}
{"cost_time":"3ms","request_data":{"name":"write"},"request_method":"/write.Write/WriteData","request_time":1635947440528,"response_data":{"message":"[write-[listen]-]"},"response_error":null}
{"cost_time":"1ms","request_data":{"name":"listen"},"request_method":"/listen.Listen/ListenData","request_time":1635947449809,"response_data":{"message":"[listen]"},"response_error":null}
{"cost_time":"5ms","request_data":{"name":"speak"},"request_method":"/speak.Speak/SpeakData","request_time":1635947449811,"response_data":{"message":"[speak-[listen]-[HttpGetOk]]"},"response_error":null}
{"cost_time":"5ms","request_data":{"name":"read"},"request_method":"/read.Read/ReadData","request_time":1635947449817,"response_data":{"message":"[read-[listen]-[HttpGetOk]]"},"response_error":null}
{"cost_time":"4ms","request_data":{"name":"write"},"request_method":"/write.Write/WriteData","request_time":1635947449823,"response_data":{"message":"[write-[listen]-[HttpGetOk]]"},"response_error":null}
{"cost_time":"1ms","request_data":{"name":"listen"},"request_method":"/listen.Listen/ListenData","request_time":1635947450807,"response_data":{"message":"[listen]"},"response_error":null}
{"cost_time":"5ms","request_data":{"name":"speak"},"request_method":"/speak.Speak/SpeakData","request_time":1635947450809,"response_data":{"message":"[speak-[listen]-[HttpGetOk]]"},"response_error":null}
{"cost_time":"4ms","request_data":{"name":"read"},"request_method":"/read.Read/ReadData","request_time":1635947450814,"response_data":{"message":"[read-[listen]-[HttpGetOk]]"},"response_error":null}
{"cost_time":"3ms","request_data":{"name":"write"},"request_method":"/write.Write/WriteData","request_time":1635947450818,"response_data":{"message":"[write-[listen]-[HttpGetOk]]"},"response_error":null}
{"cost_time":"0ms","request_data":{"name":"listen"},"request_method":"/listen.Listen/ListenData","request_time":1635947459891,"response_data":{"message":"[listen]"},"response_error":null}
{"cost_time":"5ms","request_data":{"name":"speak"},"request_method":"/speak.Speak/SpeakData","request_time":1635947459892,"response_data":{"message":"[speak-[listen]-[HttpGetOk]]"},"response_error":null}
{"cost_time":"5ms","request_data":{"name":"read"},"request_method":"/read.Read/ReadData","request_time":1635947459897,"response_data":{"message":"[read-[listen]-[HttpGetOk]]"},"response_error":null}
{"cost_time":"4ms","request_data":{"name":"write"},"request_method":"/write.Write/WriteData","request_time":1635947459903,"response_data":{"message":"[write-[listen]-[HttpGetOk]]"},"response_error":null}
